<?xml version="1.0" encoding="UTF-8"?>
<coverage generated="1690060896109" clover="3.2.0">
  <project timestamp="1690060896110" name="All files">
    <metrics statements="29" coveredstatements="29" conditionals="14" coveredconditionals="13" methods="5" coveredmethods="5" elements="48" coveredelements="47" complexity="0" loc="29" ncloc="29" packages="1" files="2" classes="2"/>
    <file name="getDiff.js" path="/home/anawachovski/frontend-project-46/src/getDiff.js">
      <metrics statements="28" coveredstatements="28" conditionals="12" coveredconditionals="12" methods="4" coveredmethods="4"/>
      <line num="6" count="1" type="stmt"/>
      <line num="7" count="2" type="stmt"/>
      <line num="8" count="2" type="stmt"/>
      <line num="9" count="2" type="stmt"/>
      <line num="11" count="2" type="stmt"/>
      <line num="14" count="1" type="stmt"/>
      <line num="15" count="1" type="stmt"/>
      <line num="16" count="1" type="stmt"/>
      <line num="17" count="1" type="stmt"/>
      <line num="18" count="1" type="stmt"/>
      <line num="20" count="1" type="stmt"/>
      <line num="21" count="5" type="cond" truecount="2" falsecount="0"/>
      <line num="22" count="1" type="stmt"/>
      <line num="24" count="4" type="cond" truecount="2" falsecount="0"/>
      <line num="25" count="2" type="stmt"/>
      <line num="27" count="2" type="cond" truecount="2" falsecount="0"/>
      <line num="28" count="1" type="stmt"/>
      <line num="32" count="1" type="stmt"/>
      <line num="35" count="1" type="stmt"/>
      <line num="36" count="1" type="stmt"/>
      <line num="37" count="5" type="cond" truecount="2" falsecount="0"/>
      <line num="38" count="1" type="stmt"/>
      <line num="40" count="4" type="cond" truecount="2" falsecount="0"/>
      <line num="41" count="2" type="stmt"/>
      <line num="43" count="2" type="cond" truecount="2" falsecount="0"/>
      <line num="44" count="1" type="stmt"/>
      <line num="46" count="1" type="stmt"/>
      <line num="48" count="1" type="stmt"/>
    </file>
    <file name="parsers.js" path="/home/anawachovski/frontend-project-46/src/parsers.js">
      <metrics statements="1" coveredstatements="1" conditionals="2" coveredconditionals="1" methods="1" coveredmethods="1"/>
      <line num="1" count="2" type="cond" truecount="1" falsecount="1"/>
    </file>
  </project>
</coverage>
