TN:
SF:src/getDiff.js
FN:6,(anonymous_0)
FN:14,(anonymous_1)
FN:20,(anonymous_2)
FN:36,(anonymous_3)
FNF:4
FNH:4
FNDA:2,(anonymous_0)
FNDA:1,(anonymous_1)
FNDA:5,(anonymous_2)
FNDA:5,(anonymous_3)
DA:6,1
DA:7,2
DA:8,2
DA:9,2
DA:11,2
DA:14,1
DA:15,1
DA:16,1
DA:17,1
DA:18,1
DA:20,1
DA:21,5
DA:22,1
DA:24,4
DA:25,2
DA:27,2
DA:28,1
DA:32,1
DA:35,1
DA:36,1
DA:37,5
DA:38,1
DA:40,4
DA:41,2
DA:43,2
DA:44,1
DA:46,1
DA:48,1
LF:28
LH:28
BRDA:21,0,0,1
BRDA:21,0,1,4
BRDA:24,1,0,2
BRDA:24,1,1,2
BRDA:27,2,0,1
BRDA:27,2,1,1
BRDA:37,3,0,1
BRDA:37,3,1,4
BRDA:40,4,0,2
BRDA:40,4,1,2
BRDA:43,5,0,1
BRDA:43,5,1,1
BRF:12
BRH:12
end_of_record
TN:
SF:src/parsers.js
FN:1,(anonymous_0)
FNF:1
FNH:1
FNDA:2,(anonymous_0)
DA:1,2
LF:1
LH:1
BRDA:1,0,0,2
BRDA:1,0,1,0
BRF:2
BRH:1
end_of_record
